2018-05-27 13:26:48,113 - utils.handleIndex -[WARNING][handleIndex][compare_similar_with_std_and_comp] - 6003122017-12-31的现金流量表及其补充资料中的“现金及现金等价物”中不含使用受到限制的保证金、定期存款，没有被增加到标准库中
2018-05-27 13:26:48,113 - utils.handleIndex -[WARNING][handleIndex][compare_similar_with_std_and_comp] - 6003122017-12-31的现金流量表及其补充资料中的“现金及现金等价物”中不含使用受到限制的保证金、定期存款，没有被增加到对照库中
2018-05-27 13:26:48,113 - utils.handleIndex -[WARNING][handleIndex][compare_similar_with_std_and_comp] - 6003122017-12-31的政府补助基本情况没有被增加到标准库中
2018-05-27 13:26:48,113 - utils.handleIndex -[WARNING][handleIndex][compare_similar_with_std_and_comp] - 6003122017-12-31的政府补助基本情况没有被增加到对照库中
2018-05-27 13:26:48,113 - utils.handleIndex -[WARNING][handleIndex][compare_similar_with_std_and_comp] - 6003122017-12-31的政府补助退回情况没有被增加到标准库中
2018-05-27 13:26:48,113 - utils.handleIndex -[WARNING][handleIndex][compare_similar_with_std_and_comp] - 6003122017-12-31的政府补助退回情况没有被增加到对照库中
2018-05-27 13:26:48,113 - utils.handleIndex -[WARNING][handleIndex][check_index_integrity] - 6003122017-12-31索引不完整：      cellCategory                   cellText     id  pageNum
7137             t                     1、货币资金   7137      101
7167             t   2、以公允价值计量且其变动计入当期损益的金融资产   7167      101
7170             t                   3、衍生金融资产   7170      101
7172             t                     4、应收票据   7172      101
7221             t                     5、应收账款   7221      102
7455             t                     6、预付款项   7455      104
7522             t                     7、应收利息   7522      105
7541             t                     8、应收股利   7541      105
7549             t                    9、其他应收款   7549      105
7777             t                      10、存货   7777      108
7895             t                  11、持有待售资产   7895      108
7898             t             12、一年内到期的非流动资产   7898      108
7900             t                  13、其他流动资产   7900      109
7918             t                14、可供出售金融资产   7918      109
7932             t                 15、持有至到期投资   7932      109
7941             t                   16、长期应收款   7941      109
7951             t                  17、长期股权投资   7951      110
8020             t                  18、投资性房地产   8020      110
8025             t                    19、固定资产   8025      110
8198             t                    20、在建工程   8198      111
8274             t                    21、工程物资   8274      112
8277             t                  22、固定资产清理   8277      112
8294             t                 23、生产性生物资产   8294      112
8302             t                    24、油气资产   8302      112
8305             t                    25、无形资产   8305      112
8529             t                    26、开发支出   8529      114
8628             t                      27、商誉   8628      114
8661             t                  28、长期待摊费用   8661      114
8686             t         29、递延所得税资产/递延所得税负债   8686      115
8792             t                 30、其他非流动资产   8792      116
8809             t                    31、短期借款   8809      116
8849             t  32、以公允价值计量且其变动计入当期损益的金融负债   8849      116
8851             t                  33、衍生金融负债   8851      117
8854             t                    34、应付票据   8854      117
8871             t                    35、应付账款   8871      117
8926             t                    36、预收款项   8926      117
9020             t                  37、应付职工薪酬   9020      118
9140             t                    38、应交税费   9140      119
9181             t                    39、应付利息   9181      120
9201             t                    40、应付股利   9201      120
9204             t                   41、其他应付款   9204      120
9245             t                  42、持有待售负债   9245      120
9248             t             43、1年内到期的非流动负债   9248      120
9262             t                  44、其他流动负债   9262      121
9270             t                    45、长期借款   9270      121
9277             t                    46、应付债券   9277      121
9346             t                   47、长期应付款   9346      122
9350             t                48、长期应付职工薪酬   9350      122
9353             t                   49、专项应付款   9353      122
9356             t                    50、预计负债   9356      122
9359             t                    51、递延收益   9359      122
9410             t                 52、其他非流动负债   9410      122
9413             t                      53、股本   9413      122
9436             t                  54、其他权益工具   9436      123
9448             t                    55、资本公积   9448      123
9483             t                     56、库存股   9483      123
9487             t                  57、其他综合收益   9487      124
9536             t                    58、专项储备   9536      124
9539             t                    59、盈余公积   9539      124
9564             t                   60、未分配利润   9564      124
9607             t               61、营业收入和营业成本   9607      125
9633             t                   62、税金及附加   9633      125
9672             t                    63、销售费用   9672      125
9732             t                    64、管理费用   9732      126
9791             t                    65、财务费用   9791      126
9824             t                  66、资产减值损失   9824      127
9842             t                67、公允价值变动收益   9842      127
9845             t                    68、投资收益   9845      127
9860             t                   69、营业外收入   9860      127
9996             t                   70、营业外支出   9996      128
10034            t                   71、所得税费用  10034      128
10085            t                  72、其他综合收益  10085      129
10089            t                 73、现金流量表项目  10089      129
10186            t               74、现金流量表补充资料  10186      130
10314            t            75、所有者权益变动表项目注释  10314      132
10318            t          76、所有权或使用权受到限制的资产  10318      132
10340            t                 77、外币货币性项目  10340      132
10469            t                      78、套期  10469      133
10472            t                    79、政府补助  10472      133
10598            t                      80、其他  10598      134
10600            t                   1、资产处置收益  10600      134
10615            t                     2、其他收益  10615      134
2018-05-27 13:33:41,175 - utils.handleIndex -[WARNING][handleIndex][compare_similar_with_std_and_comp] - 3006232017-12-31的.00%100.00%没有被增加到标准库中
2018-05-27 13:33:41,175 - utils.handleIndex -[WARNING][handleIndex][compare_similar_with_std_and_comp] - 3006232017-12-31的.00%100.00%没有被增加到对照库中
2018-05-27 13:33:41,300 - utils.handleIndex -[WARNING][handleIndex][compare_similar_with_std_and_comp] - 3006232017-12-31的、固定资产没有被增加到标准库中
2018-05-27 13:33:41,300 - utils.handleIndex -[WARNING][handleIndex][compare_similar_with_std_and_comp] - 3006232017-12-31的、固定资产没有被增加到对照库中
2018-05-27 13:33:41,300 - utils.handleIndex -[WARNING][handleIndex][compare_similar_with_std_and_comp] - 3006232017-12-31的、政府补助没有被增加到标准库中
2018-05-27 13:33:41,300 - utils.handleIndex -[WARNING][handleIndex][compare_similar_with_std_and_comp] - 3006232017-12-31的、政府补助没有被增加到对照库中
2018-05-27 13:33:41,425 - utils.handleIndex -[WARNING][handleIndex][compare_similar_with_std_and_comp] - 3006232017-12-31的、油气资产没有被增加到标准库中
2018-05-27 13:33:41,425 - utils.handleIndex -[WARNING][handleIndex][compare_similar_with_std_and_comp] - 3006232017-12-31的、油气资产没有被增加到对照库中
2018-05-27 13:33:41,675 - utils.handleIndex -[WARNING][handleIndex][compare_similar_with_std_and_comp] - 3006232017-12-31的、股份支付没有被增加到标准库中
2018-05-27 13:33:41,675 - utils.handleIndex -[WARNING][handleIndex][compare_similar_with_std_and_comp] - 3006232017-12-31的、股份支付没有被增加到对照库中
2018-05-27 13:33:41,675 - utils.handleIndex -[WARNING][handleIndex][compare_similar_with_std_and_comp] - 3006232017-12-31的、生物资产没有被增加到标准库中
2018-05-27 13:33:41,675 - utils.handleIndex -[WARNING][handleIndex][compare_similar_with_std_and_comp] - 3006232017-12-31的、生物资产没有被增加到对照库中
2018-05-27 13:33:41,815 - utils.handleIndex -[WARNING][handleIndex][compare_similar_with_std_and_comp] - 3006232017-12-31的、职工薪酬没有被增加到标准库中
2018-05-27 13:33:41,815 - utils.handleIndex -[WARNING][handleIndex][compare_similar_with_std_and_comp] - 3006232017-12-31的、职工薪酬没有被增加到对照库中
2018-05-27 13:33:41,929 - utils.handleIndex -[WARNING][handleIndex][compare_similar_with_std_and_comp] - 3006232017-12-31的.00%50.00%没有被增加到标准库中
2018-05-27 13:33:41,929 - utils.handleIndex -[WARNING][handleIndex][compare_similar_with_std_and_comp] - 3006232017-12-31的.00%50.00%没有被增加到对照库中
2018-05-27 13:33:41,929 - utils.handleIndex -[WARNING][handleIndex][compare_similar_with_std_and_comp] - 3006232017-12-31的、预计负债没有被增加到标准库中
2018-05-27 13:33:41,929 - utils.handleIndex -[WARNING][handleIndex][compare_similar_with_std_and_comp] - 3006232017-12-31的、预计负债没有被增加到对照库中
2018-05-27 13:33:41,929 - utils.handleIndex -[WARNING][handleIndex][compare_similar_with_std_and_comp] - 3006232017-12-31的、无形资产没有被增加到标准库中
2018-05-27 13:33:41,929 - utils.handleIndex -[WARNING][handleIndex][compare_similar_with_std_and_comp] - 3006232017-12-31的、无形资产没有被增加到对照库中
2018-05-27 13:33:41,929 - utils.handleIndex -[WARNING][handleIndex][compare_similar_with_std_and_comp] - 3006232017-12-31的、其他没有被增加到标准库中
2018-05-27 13:33:41,929 - utils.handleIndex -[WARNING][handleIndex][compare_similar_with_std_and_comp] - 3006232017-12-31的、其他没有被增加到对照库中
2018-05-27 13:33:41,929 - utils.handleIndex -[WARNING][handleIndex][compare_similar_with_std_and_comp] - 3006232017-12-31的,292.51没有被增加到标准库中
2018-05-27 13:33:41,929 - utils.handleIndex -[WARNING][handleIndex][compare_similar_with_std_and_comp] - 3006232017-12-31的,292.51没有被增加到对照库中
2018-05-27 13:33:42,457 - utils.handleIndex -[WARNING][handleIndex][compare_similar_with_std_and_comp] - 3006232017-12-31的、租赁没有被增加到标准库中
2018-05-27 13:33:42,457 - utils.handleIndex -[WARNING][handleIndex][compare_similar_with_std_and_comp] - 3006232017-12-31的、租赁没有被增加到对照库中
2018-05-27 13:33:42,597 - utils.handleIndex -[WARNING][handleIndex][compare_similar_with_std_and_comp] - 3006232017-12-31的、在建工程没有被增加到标准库中
2018-05-27 13:33:42,597 - utils.handleIndex -[WARNING][handleIndex][compare_similar_with_std_and_comp] - 3006232017-12-31的、在建工程没有被增加到对照库中
2018-05-27 13:33:42,597 - utils.handleIndex -[WARNING][handleIndex][compare_similar_with_std_and_comp] - 3006232017-12-31的、存货没有被增加到标准库中
2018-05-27 13:33:42,597 - utils.handleIndex -[WARNING][handleIndex][compare_similar_with_std_and_comp] - 3006232017-12-31的、存货没有被增加到对照库中
2018-05-27 13:33:42,597 - utils.handleIndex -[WARNING][handleIndex][compare_similar_with_std_and_comp] - 3006232017-12-31的、营业周期没有被增加到标准库中
2018-05-27 13:33:42,597 - utils.handleIndex -[WARNING][handleIndex][compare_similar_with_std_and_comp] - 3006232017-12-31的、营业周期没有被增加到对照库中
2018-05-27 13:33:42,691 - utils.handleIndex -[WARNING][handleIndex][compare_similar_with_std_and_comp] - 3006232017-12-31的.00%30.00%没有被增加到标准库中
2018-05-27 13:33:42,691 - utils.handleIndex -[WARNING][handleIndex][compare_similar_with_std_and_comp] - 3006232017-12-31的.00%30.00%没有被增加到对照库中
2018-05-27 13:33:42,691 - utils.handleIndex -[WARNING][handleIndex][compare_similar_with_std_and_comp] - 3006232017-12-31的、应收款项没有被增加到标准库中
2018-05-27 13:33:42,691 - utils.handleIndex -[WARNING][handleIndex][compare_similar_with_std_and_comp] - 3006232017-12-31的、应收款项没有被增加到对照库中
2018-05-27 13:33:42,691 - utils.handleIndex -[WARNING][handleIndex][compare_similar_with_std_and_comp] - 3006232017-12-31的,180,404.07没有被增加到标准库中
2018-05-27 13:33:42,691 - utils.handleIndex -[WARNING][handleIndex][compare_similar_with_std_and_comp] - 3006232017-12-31的,180,404.07没有被增加到对照库中
2018-05-27 13:33:42,691 - utils.handleIndex -[WARNING][handleIndex][compare_similar_with_std_and_comp] - 3006232017-12-31的%没有被增加到标准库中
2018-05-27 13:33:42,691 - utils.handleIndex -[WARNING][handleIndex][compare_similar_with_std_and_comp] - 3006232017-12-31的%没有被增加到对照库中
2018-05-27 13:33:42,691 - utils.handleIndex -[WARNING][handleIndex][compare_similar_with_std_and_comp] - 3006232017-12-31的、收入没有被增加到标准库中
2018-05-27 13:33:42,691 - utils.handleIndex -[WARNING][handleIndex][compare_similar_with_std_and_comp] - 3006232017-12-31的、收入没有被增加到对照库中
2018-05-27 13:33:42,691 - utils.handleIndex -[WARNING][handleIndex][compare_similar_with_std_and_comp] - 3006232017-12-31的、记账本位币没有被增加到标准库中
2018-05-27 13:33:42,691 - utils.handleIndex -[WARNING][handleIndex][compare_similar_with_std_and_comp] - 3006232017-12-31的、记账本位币没有被增加到对照库中
2018-05-27 13:33:42,691 - utils.handleIndex -[WARNING][handleIndex][compare_similar_with_std_and_comp] - 3006232017-12-31的,225.12没有被增加到标准库中
2018-05-27 13:33:42,691 - utils.handleIndex -[WARNING][handleIndex][compare_similar_with_std_and_comp] - 3006232017-12-31的,225.12没有被增加到对照库中
2018-05-27 13:33:42,816 - utils.handleIndex -[WARNING][handleIndex][compare_similar_with_std_and_comp] - 3006232017-12-31的、会计期间没有被增加到标准库中
2018-05-27 13:33:42,816 - utils.handleIndex -[WARNING][handleIndex][compare_similar_with_std_and_comp] - 3006232017-12-31的、会计期间没有被增加到对照库中
2018-05-27 13:33:42,928 - utils.handleIndex -[WARNING][handleIndex][compare_similar_with_std_and_comp] - 3006232017-12-31的.00%10.00%没有被增加到标准库中
2018-05-27 13:33:42,928 - utils.handleIndex -[WARNING][handleIndex][compare_similar_with_std_and_comp] - 3006232017-12-31的.00%10.00%没有被增加到对照库中
2018-05-27 13:33:42,928 - utils.handleIndex -[WARNING][handleIndex][compare_similar_with_std_and_comp] - 3006232017-12-31的、借款费用没有被增加到标准库中
2018-05-27 13:33:42,928 - utils.handleIndex -[WARNING][handleIndex][compare_similar_with_std_and_comp] - 3006232017-12-31的、借款费用没有被增加到对照库中
2018-05-27 13:33:42,928 - utils.handleIndex -[WARNING][handleIndex][compare_similar_with_std_and_comp] - 3006232017-12-31的、遵循企业会计准则的声明没有被增加到标准库中
2018-05-27 13:33:42,928 - utils.handleIndex -[WARNING][handleIndex][compare_similar_with_std_and_comp] - 3006232017-12-31的、遵循企业会计准则的声明没有被增加到对照库中
2018-05-27 13:33:42,928 - utils.handleIndex -[WARNING][handleIndex][compare_similar_with_std_and_comp] - 3006232017-12-31的,067.39没有被增加到标准库中
2018-05-27 13:33:42,928 - utils.handleIndex -[WARNING][handleIndex][compare_similar_with_std_and_comp] - 3006232017-12-31的,067.39没有被增加到对照库中
2018-05-27 13:33:42,928 - utils.handleIndex -[WARNING][handleIndex][compare_similar_with_std_and_comp] - 3006232017-12-31的、金融工具没有被增加到标准库中
2018-05-27 13:33:42,928 - utils.handleIndex -[WARNING][handleIndex][compare_similar_with_std_and_comp] - 3006232017-12-31的、金融工具没有被增加到对照库中
2018-05-27 13:33:42,944 - utils.handleIndex -[WARNING][handleIndex][check_index_integrity] - 3006232017-12-31索引不完整：     cellCategory                   cellText    id  pageNum
7118            t  5、同一控制下和非同一控制下企业合并的会计处理方法  7118      111
7159            t              6、合并财务报表的编制方法  7159      112
7200            t        7、合营安排分类及共同经营会计处理方法  7200      113
7202            t            8、现金及现金等价物的确定标准  7202      113
7205            t              9、外币业务和外币报表折算  7205      113
7454            t                  13、持有待售资产  7454      118
7456            t                  14、长期股权投资  7456      118
7564            t                  15、投资性房地产  7564      121
7642            t                  22、长期资产减值  7642      123
7663            t                  23、长期待摊费用  7663      124
7744            t          27、优先股、永续债等其他金融工具  7744      126
7789            t         30、递延所得税资产/递延所得税负债  7789      127
7855            t          32、其他重要的会计政策和会计估计  7855      129
7903            t           33、重要会计政策和会计估计变更  7903      130
7938            t                          4  7938      130
7938            t                          4  7938      130
7938            t                          4  7938      130
7938            t                          4  7938      130
7938            t                          4  7938      130
7938            t                          4  7938      130
2018-05-27 13:35:39,755 - utils.handleIndex -[WARNING][handleIndex][compare_similar_with_std_and_comp] - 6001292017-12-31的5没有被增加到标准库中
2018-05-27 13:35:39,755 - utils.handleIndex -[WARNING][handleIndex][compare_similar_with_std_and_comp] - 6001292017-12-31的5没有被增加到对照库中
2018-05-27 13:35:39,755 - utils.handleIndex -[WARNING][handleIndex][compare_similar_with_std_and_comp] - 6001292017-12-31的2没有被增加到标准库中
2018-05-27 13:35:39,755 - utils.handleIndex -[WARNING][handleIndex][compare_similar_with_std_and_comp] - 6001292017-12-31的2没有被增加到对照库中
2018-05-27 13:35:39,755 - utils.handleIndex -[WARNING][handleIndex][compare_similar_with_std_and_comp] - 6001292017-12-31的4没有被增加到标准库中
2018-05-27 13:35:39,755 - utils.handleIndex -[WARNING][handleIndex][compare_similar_with_std_and_comp] - 6001292017-12-31的4没有被增加到对照库中
2018-05-27 13:35:39,755 - utils.handleIndex -[WARNING][handleIndex][compare_similar_with_std_and_comp] - 6001292017-12-31的3没有被增加到标准库中
2018-05-27 13:35:39,771 - utils.handleIndex -[WARNING][handleIndex][compare_similar_with_std_and_comp] - 6001292017-12-31的3没有被增加到对照库中
2018-05-27 13:35:39,771 - utils.handleIndex -[WARNING][handleIndex][compare_similar_with_std_and_comp] - 6001292017-12-31的6没有被增加到标准库中
2018-05-27 13:35:39,771 - utils.handleIndex -[WARNING][handleIndex][compare_similar_with_std_and_comp] - 6001292017-12-31的6没有被增加到对照库中
2018-05-27 13:35:39,771 - utils.handleIndex -[WARNING][handleIndex][compare_similar_with_std_and_comp] - 6001292017-12-31的1没有被增加到标准库中
2018-05-27 13:35:39,771 - utils.handleIndex -[WARNING][handleIndex][compare_similar_with_std_and_comp] - 6001292017-12-31的1没有被增加到对照库中
2018-05-27 13:35:39,771 - utils.handleIndex -[WARNING][handleIndex][compare_similar_with_std_and_comp] - 6001292017-12-31的1没有被增加到标准库中
2018-05-27 13:35:39,771 - utils.handleIndex -[WARNING][handleIndex][compare_similar_with_std_and_comp] - 6001292017-12-31的1没有被增加到对照库中
2018-05-27 13:35:39,771 - utils.handleIndex -[WARNING][handleIndex][check_index_integrity] - 6001292017-12-31索引不完整：Empty DataFrame
Columns: [cellCategory, cellText, id, pageNum]
Index: []
2018-05-27 13:38:39,961 - utils.handleIndex -[WARNING][handleIndex][compare_similar_with_std_and_comp] - 6002492017-12-31的没有被增加到标准库中
2018-05-27 13:38:39,962 - utils.handleIndex -[WARNING][handleIndex][compare_similar_with_std_and_comp] - 6002492017-12-31的没有被增加到对照库中
2018-05-27 13:38:39,962 - utils.handleIndex -[WARNING][handleIndex][compare_similar_with_std_and_comp] - 6002492017-12-31的柳州两面针纸业有限公司是柳州两面针纸品有限公司下级子公司，柳州两面针没有被增加到标准库中
2018-05-27 13:38:39,962 - utils.handleIndex -[WARNING][handleIndex][compare_similar_with_std_and_comp] - 6002492017-12-31的柳州两面针纸业有限公司是柳州两面针纸品有限公司下级子公司，柳州两面针没有被增加到对照库中
2018-05-27 13:38:39,962 - utils.handleIndex -[WARNING][handleIndex][compare_similar_with_std_and_comp] - 6002492017-12-31的本公司直接持有安徽两面针·芳草日化有限公司70%的股权，通过控股子公司两面针（江苏）没有被增加到标准库中
2018-05-27 13:38:39,962 - utils.handleIndex -[WARNING][handleIndex][compare_similar_with_std_and_comp] - 6002492017-12-31的本公司直接持有安徽两面针·芳草日化有限公司70%的股权，通过控股子公司两面针（江苏）没有被增加到对照库中
2018-05-27 13:38:39,962 - utils.handleIndex -[WARNING][handleIndex][compare_similar_with_std_and_comp] - 6002492017-12-31的柳州两面针物业服务有限公司是柳州两面针房地产开发有限公司投资设立的全资子公司没有被增加到标准库中
2018-05-27 13:38:39,962 - utils.handleIndex -[WARNING][handleIndex][compare_similar_with_std_and_comp] - 6002492017-12-31的柳州两面针物业服务有限公司是柳州两面针房地产开发有限公司投资设立的全资子公司没有被增加到对照库中
2018-05-27 13:38:39,978 - utils.handleIndex -[WARNING][handleIndex][check_index_integrity] - 6002492017-12-31索引不完整：      cellCategory                            cellText     id  pageNum
12523            t                         (1).企业集团的构成  12523      172
12619            t                       (3).重要的非全资子公司  12619      174
12654            t                 (4).重要非全资子公司的主要财务信息  12654      174
12757            t         (5).使用企业集团资产和清偿企业集团债务的重大限制：  12757      175
12760            t  (6).向纳入合并财务报表范围的结构化主体提供的财务支持或其他支持：  12760      176
2018-05-27 13:39:37,737 - utils.handleIndex -[WARNING][handleIndex][compare_similar_with_std_and_comp] - 6004692017-12-31的1没有被增加到标准库中
2018-05-27 13:39:37,738 - utils.handleIndex -[WARNING][handleIndex][compare_similar_with_std_and_comp] - 6004692017-12-31的1没有被增加到对照库中
2018-05-27 13:39:37,738 - utils.handleIndex -[WARNING][handleIndex][compare_similar_with_std_and_comp] - 6004692017-12-31的1没有被增加到标准库中
2018-05-27 13:39:37,738 - utils.handleIndex -[WARNING][handleIndex][compare_similar_with_std_and_comp] - 6004692017-12-31的1没有被增加到对照库中
2018-05-27 13:39:37,738 - utils.handleIndex -[WARNING][handleIndex][compare_similar_with_std_and_comp] - 6004692017-12-31的1没有被增加到标准库中
2018-05-27 13:39:37,738 - utils.handleIndex -[WARNING][handleIndex][compare_similar_with_std_and_comp] - 6004692017-12-31的1没有被增加到对照库中
2018-05-27 13:39:37,738 - utils.handleIndex -[WARNING][handleIndex][compare_similar_with_std_and_comp] - 6004692017-12-31的1没有被增加到标准库中
2018-05-27 13:39:37,738 - utils.handleIndex -[WARNING][handleIndex][compare_similar_with_std_and_comp] - 6004692017-12-31的1没有被增加到对照库中
2018-05-27 13:39:37,740 - utils.handleIndex -[WARNING][handleIndex][check_index_integrity] - 6004692017-12-31索引不完整：Empty DataFrame
Columns: [cellCategory, cellText, id, pageNum]
Index: []
2018-05-27 13:41:28,559 - utils.handleIndex -[WARNING][handleIndex][compare_similar_with_std_and_comp] - 6009782017-12-31的二没有被增加到标准库中
2018-05-27 13:41:28,559 - utils.handleIndex -[WARNING][handleIndex][compare_similar_with_std_and_comp] - 6009782017-12-31的二没有被增加到对照库中
2018-05-27 13:41:28,559 - utils.handleIndex -[WARNING][handleIndex][compare_similar_with_std_and_comp] - 6009782017-12-31的四没有被增加到标准库中
2018-05-27 13:41:28,559 - utils.handleIndex -[WARNING][handleIndex][compare_similar_with_std_and_comp] - 6009782017-12-31的四没有被增加到对照库中
2018-05-27 13:41:28,562 - utils.handleIndex -[WARNING][handleIndex][check_index_integrity] - 6009782017-12-31索引不完整：Empty DataFrame
Columns: [cellCategory, cellText, id, pageNum]
Index: []
2018-05-27 13:41:53,907 - utils.handleIndex -[WARNING][handleIndex][check_index_integrity] - 6009782017-12-31索引不完整：Empty DataFrame
Columns: [cellCategory, cellText, id, pageNum]
Index: []
2018-05-27 13:43:14,802 - utils.handleIndex -[WARNING][handleIndex][check_index_integrity] - 6001612017-12-31索引不完整：Empty DataFrame
Columns: [cellCategory, cellText, id, pageNum]
Index: []
2018-05-27 13:46:45,030 - utils.handleIndex -[WARNING][handleIndex][compare_similar_with_std_and_comp] - 6004882017-12-31的完善技术创新体系，为快速发展增添动力没有被增加到标准库中
2018-05-27 13:46:45,030 - utils.handleIndex -[WARNING][handleIndex][compare_similar_with_std_and_comp] - 6004882017-12-31的完善技术创新体系，为快速发展增添动力没有被增加到对照库中
2018-05-27 13:46:45,030 - utils.handleIndex -[WARNING][handleIndex][compare_similar_with_std_and_comp] - 6004882017-12-31的充分利用行业内的优势资源，完善皮质激素、氨基酸原料和制剂的产业布局，使产业结没有被增加到标准库中
2018-05-27 13:46:45,030 - utils.handleIndex -[WARNING][handleIndex][compare_similar_with_std_and_comp] - 6004882017-12-31的充分利用行业内的优势资源，完善皮质激素、氨基酸原料和制剂的产业布局，使产业结没有被增加到对照库中
2018-05-27 13:46:45,030 - utils.handleIndex -[WARNING][handleIndex][check_index_integrity] - 6004882017-12-31索引不完整：     cellCategory                                    cellText    id  pageNum
680             t                                 一、经营情况讨论与分析   680       11
770             t                                二、报告期内主要经营情况   770       13
2193            t                          一、公司关于公司未来发展的讨论与分析  2193       30
2379            t  二、公司因不适用准则规定或国家秘密、商业秘密等特殊原因，未按准则披露的情况和原因说明  2379       33
2018-05-27 13:46:47,363 - utils.handleIndex -[WARNING][handleIndex][compare_similar_with_std_and_comp] - 6004882017-12-31的6没有被增加到标准库中
2018-05-27 13:46:47,363 - utils.handleIndex -[WARNING][handleIndex][compare_similar_with_std_and_comp] - 6004882017-12-31的6没有被增加到对照库中
2018-05-27 13:46:47,363 - utils.handleIndex -[WARNING][handleIndex][compare_similar_with_std_and_comp] - 6004882017-12-31的1没有被增加到标准库中
2018-05-27 13:46:47,363 - utils.handleIndex -[WARNING][handleIndex][compare_similar_with_std_and_comp] - 6004882017-12-31的1没有被增加到对照库中
2018-05-27 13:46:47,368 - utils.handleIndex -[WARNING][handleIndex][check_index_integrity] - 6004882017-12-31索引不完整：Empty DataFrame
Columns: [cellCategory, cellText, id, pageNum]
Index: []
2018-05-27 13:46:48,713 - utils.handleIndex -[WARNING][handleIndex][compare_similar_with_std_and_comp] - 6004882017-12-31的以人为本，民主管理，构建和谐天药没有被增加到标准库中
2018-05-27 13:46:48,713 - utils.handleIndex -[WARNING][handleIndex][compare_similar_with_std_and_comp] - 6004882017-12-31的以人为本，民主管理，构建和谐天药没有被增加到对照库中
2018-05-27 13:46:48,713 - utils.handleIndex -[WARNING][handleIndex][compare_similar_with_std_and_comp] - 6004882017-12-31的保证质量，改善服务，确保患者用药安全没有被增加到标准库中
2018-05-27 13:46:48,713 - utils.handleIndex -[WARNING][handleIndex][compare_similar_with_std_and_comp] - 6004882017-12-31的保证质量，改善服务，确保患者用药安全没有被增加到对照库中
2018-05-27 13:46:48,713 - utils.handleIndex -[WARNING][handleIndex][compare_similar_with_std_and_comp] - 6004882017-12-31的注重研发，科技创新，实现可持续发展没有被增加到标准库中
2018-05-27 13:46:48,713 - utils.handleIndex -[WARNING][handleIndex][compare_similar_with_std_and_comp] - 6004882017-12-31的注重研发，科技创新，实现可持续发展没有被增加到对照库中
2018-05-27 13:46:48,713 - utils.handleIndex -[WARNING][handleIndex][compare_similar_with_std_and_comp] - 6004882017-12-31的环保设施的建设和运行情况没有被增加到标准库中
2018-05-27 13:46:48,713 - utils.handleIndex -[WARNING][handleIndex][compare_similar_with_std_and_comp] - 6004882017-12-31的环保设施的建设和运行情况没有被增加到对照库中
2018-05-27 13:46:48,713 - utils.handleIndex -[WARNING][handleIndex][compare_similar_with_std_and_comp] - 6004882017-12-31的EHS方针与目标没有被增加到标准库中
2018-05-27 13:46:48,713 - utils.handleIndex -[WARNING][handleIndex][compare_similar_with_std_and_comp] - 6004882017-12-31的EHS方针与目标没有被增加到对照库中
2018-05-27 13:46:48,713 - utils.handleIndex -[WARNING][handleIndex][compare_similar_with_std_and_comp] - 6004882017-12-31的完善治理，规范运作，保护股东和债权人利益没有被增加到标准库中
2018-05-27 13:46:48,713 - utils.handleIndex -[WARNING][handleIndex][compare_similar_with_std_and_comp] - 6004882017-12-31的完善治理，规范运作，保护股东和债权人利益没有被增加到对照库中
2018-05-27 13:46:48,713 - utils.handleIndex -[WARNING][handleIndex][compare_similar_with_std_and_comp] - 6004882017-12-31的安全生产，注重环保，履行公司社会责任没有被增加到标准库中
2018-05-27 13:46:48,713 - utils.handleIndex -[WARNING][handleIndex][compare_similar_with_std_and_comp] - 6004882017-12-31的安全生产，注重环保，履行公司社会责任没有被增加到对照库中
2018-05-27 13:46:48,729 - utils.handleIndex -[WARNING][handleIndex][compare_similar_with_std_and_comp] - 6004882017-12-31的建设项目环境影响评价及其他环境保护行政许可情况没有被增加到标准库中
2018-05-27 13:46:48,729 - utils.handleIndex -[WARNING][handleIndex][compare_similar_with_std_and_comp] - 6004882017-12-31的建设项目环境影响评价及其他环境保护行政许可情况没有被增加到对照库中
2018-05-27 13:46:48,822 - utils.handleIndex -[WARNING][handleIndex][compare_similar_with_std_and_comp] - 6004882017-12-31的展望未来没有被增加到标准库中
2018-05-27 13:46:48,822 - utils.handleIndex -[WARNING][handleIndex][compare_similar_with_std_and_comp] - 6004882017-12-31的展望未来没有被增加到对照库中
2018-05-27 13:46:48,822 - utils.handleIndex -[WARNING][handleIndex][compare_similar_with_std_and_comp] - 6004882017-12-31的排污信息没有被增加到标准库中
2018-05-27 13:46:48,822 - utils.handleIndex -[WARNING][handleIndex][compare_similar_with_std_and_comp] - 6004882017-12-31的排污信息没有被增加到对照库中
2018-05-27 13:46:48,822 - utils.handleIndex -[WARNING][handleIndex][compare_similar_with_std_and_comp] - 6004882017-12-31的突发环境事件应急预案没有被增加到标准库中
2018-05-27 13:46:48,822 - utils.handleIndex -[WARNING][handleIndex][compare_similar_with_std_and_comp] - 6004882017-12-31的突发环境事件应急预案没有被增加到对照库中
2018-05-27 13:46:48,822 - utils.handleIndex -[WARNING][handleIndex][compare_similar_with_std_and_comp] - 6004882017-12-31的公司概况没有被增加到标准库中
2018-05-27 13:46:48,822 - utils.handleIndex -[WARNING][handleIndex][compare_similar_with_std_and_comp] - 6004882017-12-31的公司概况没有被增加到对照库中
2018-05-27 13:46:48,822 - utils.handleIndex -[WARNING][handleIndex][compare_similar_with_std_and_comp] - 6004882017-12-31的环境自行监测方案没有被增加到标准库中
2018-05-27 13:46:48,822 - utils.handleIndex -[WARNING][handleIndex][compare_similar_with_std_and_comp] - 6004882017-12-31的环境自行监测方案没有被增加到对照库中
2018-05-27 13:46:48,822 - utils.handleIndex -[WARNING][handleIndex][compare_similar_with_std_and_comp] - 6004882017-12-31的合作共赢，培养战略合作伙伴没有被增加到标准库中
2018-05-27 13:46:48,822 - utils.handleIndex -[WARNING][handleIndex][compare_similar_with_std_and_comp] - 6004882017-12-31的合作共赢，培养战略合作伙伴没有被增加到对照库中
2018-05-27 13:48:08,354 - utils.handleIndex -[WARNING][handleIndex][check_index_integrity] - 0007272017-12-31索引不完整：Empty DataFrame
Columns: [cellCategory, cellText, id, pageNum]
Index: []
2018-05-27 13:48:08,477 - utils.handleIndex -[WARNING][handleIndex][check_index_integrity] - 0007272017-12-31索引不完整：Empty DataFrame
Columns: [cellCategory, cellText, id, pageNum]
Index: []
2018-05-27 13:48:11,285 - utils.handleIndex -[WARNING][handleIndex][check_index_integrity] - 0007272017-12-31索引不完整：Empty DataFrame
Columns: [cellCategory, cellText, id, pageNum]
Index: []
2018-05-27 13:48:16,100 - utils.handleIndex -[WARNING][handleIndex][check_index_integrity] - 0007272017-12-31索引不完整：Empty DataFrame
Columns: [cellCategory, cellText, id, pageNum]
Index: []
2018-05-27 13:48:16,546 - utils.handleIndex -[WARNING][handleIndex][check_index_integrity] - 0007272017-12-31索引不完整：Empty DataFrame
Columns: [cellCategory, cellText, id, pageNum]
Index: []
2018-05-27 13:48:32,251 - utils.handleIndex -[WARNING][handleIndex][check_index_integrity] - 0007272017-12-31索引不完整：      cellCategory          cellText     id  pageNum
14819            t     1、当期非经常性损益明细表  14819      163
14852            t     2、净资产收益率及每股收益  14852      163
14866            t  1、境内外会计准则下会计数据差异  14866      163
2018-05-27 13:49:52,493 - utils.handleIndex -[WARNING][handleIndex][check_index_integrity] - 0021472017-12-31索引不完整：Empty DataFrame
Columns: [cellCategory, cellText, id, pageNum]
Index: []
2018-05-27 13:49:53,092 - utils.handleIndex -[WARNING][handleIndex][check_index_integrity] - 0021472017-12-31索引不完整：Empty DataFrame
Columns: [cellCategory, cellText, id, pageNum]
Index: []
2018-05-27 13:50:07,069 - utils.handleIndex -[WARNING][handleIndex][check_index_integrity] - 0021472017-12-31索引不完整：Empty DataFrame
Columns: [cellCategory, cellText, id, pageNum]
Index: []
2018-05-27 13:52:31,422 - utils.handleIndex -[WARNING][handleIndex][compare_similar_with_std_and_comp] - 3000632017-12-31的财务报表附注没有被增加到标准库中
2018-05-27 13:52:31,422 - utils.handleIndex -[WARNING][handleIndex][compare_similar_with_std_and_comp] - 3000632017-12-31的财务报表附注没有被增加到对照库中
2018-05-27 13:52:31,438 - utils.handleIndex -[WARNING][handleIndex][check_index_integrity] - 3000632017-12-31索引不完整：      cellCategory                  cellText     id  pageNum
5118             t                    一、审计报告   5118       78
5168             t                    二、财务报表   5168       79
7811             t                 一、公司的基本情况   7811      100
8046             t               二、财务报表的编制基础   8046      103
8050             t             三、重要会计政策、会计估计   8050      103
8817             t                      四、税项   8817      127
8890             t  五、会计政策、会计估计变更以及前期差错更正的说明   8890      129
8923             t              六、合并财务报表项目注释   8923      130
12757            t                  七、合并范围变动  12757      171
12765            t               八、在其他主体中的权益  12765      172
13165            t              九、与金融工具相关的风险  13165      174
13190            t               十、关联方关系及其交易  13190      175
13261            t                   十一、股份支付  13261      176
13263            t                十二、承诺及或有事项  13263      177
13282            t              十三、资产负债表日后事项  13282      177
13306            t                 十四、其他重要事项  13306      178
13506            t            十五、母公司财务报表项目注释  13506      180
14313            t                   十六、补充资料  14313      187
2018-05-27 13:52:37,384 - utils.handleIndex -[WARNING][handleIndex][compare_similar_with_std_and_comp] - 3000632017-12-31的财政将贴息资金拨付给贷款银行，由贷款银行以政策性优惠利率向本集团提供贷款的，本集团以实际收到的借款没有被增加到标准库中
2018-05-27 13:52:37,384 - utils.handleIndex -[WARNING][handleIndex][compare_similar_with_std_and_comp] - 3000632017-12-31的财政将贴息资金拨付给贷款银行，由贷款银行以政策性优惠利率向本集团提供贷款的，本集团以实际收到的借款没有被增加到对照库中
2018-05-27 13:52:37,384 - utils.handleIndex -[WARNING][handleIndex][compare_similar_with_std_and_comp] - 3000632017-12-31的与收益相关的政府补助，用于补偿以后期间的相关费用或损失的，确认为递延收益，在确认相关费用的期间，计没有被增加到标准库中
2018-05-27 13:52:37,384 - utils.handleIndex -[WARNING][handleIndex][compare_similar_with_std_and_comp] - 3000632017-12-31的与收益相关的政府补助，用于补偿以后期间的相关费用或损失的，确认为递延收益，在确认相关费用的期间，计没有被增加到对照库中
2018-05-27 13:52:37,384 - utils.handleIndex -[WARNING][handleIndex][compare_similar_with_std_and_comp] - 3000632017-12-31的与收益相关的政府补助，用于补偿以后期间的相关费用或损失的，确认为递延收益，在确认相关费用的期间，冲没有被增加到标准库中
2018-05-27 13:52:37,384 - utils.handleIndex -[WARNING][handleIndex][compare_similar_with_std_and_comp] - 3000632017-12-31的与收益相关的政府补助，用于补偿以后期间的相关费用或损失的，确认为递延收益，在确认相关费用的期间，冲没有被增加到对照库中
2018-05-27 13:52:37,384 - utils.handleIndex -[WARNING][handleIndex][check_index_integrity] - 3000632017-12-31索引不完整：Empty DataFrame
Columns: [cellCategory, cellText, id, pageNum]
Index: []
2018-05-27 13:53:17,060 - utils.handleIndex -[WARNING][handleIndex][check_index_integrity] - 3001152017-12-31索引不完整：Empty DataFrame
Columns: [cellCategory, cellText, id, pageNum]
Index: []
2018-05-27 13:53:17,201 - utils.handleIndex -[WARNING][handleIndex][check_index_integrity] - 3001152017-12-31索引不完整：Empty DataFrame
Columns: [cellCategory, cellText, id, pageNum]
Index: []
2018-05-27 13:53:18,380 - utils.handleIndex -[WARNING][handleIndex][check_index_integrity] - 3001152017-12-31索引不完整：Empty DataFrame
Columns: [cellCategory, cellText, id, pageNum]
Index: []
2018-05-27 13:53:28,229 - utils.handleIndex -[WARNING][handleIndex][check_index_integrity] - 3001152017-12-31索引不完整：Empty DataFrame
Columns: [cellCategory, cellText, id, pageNum]
Index: []
2018-05-27 14:14:04,468 - utils.handleIndex -[WARNING][handleIndex][compare_similar_with_std_and_comp] - 6003122017-12-31的政府补助退回情况没有被增加到标准库中
2018-05-27 14:14:04,468 - utils.handleIndex -[WARNING][handleIndex][compare_similar_with_std_and_comp] - 6003122017-12-31的政府补助退回情况没有被增加到对照库中
2018-05-27 14:14:04,468 - utils.handleIndex -[WARNING][handleIndex][compare_similar_with_std_and_comp] - 6003122017-12-31的现金流量表及其补充资料中的“现金及现金等价物”中不含使用受到限制的保证金、定期存款，没有被增加到标准库中
2018-05-27 14:14:04,468 - utils.handleIndex -[WARNING][handleIndex][compare_similar_with_std_and_comp] - 6003122017-12-31的现金流量表及其补充资料中的“现金及现金等价物”中不含使用受到限制的保证金、定期存款，没有被增加到对照库中
2018-05-27 14:14:04,468 - utils.handleIndex -[WARNING][handleIndex][compare_similar_with_std_and_comp] - 6003122017-12-31的政府补助基本情况没有被增加到标准库中
2018-05-27 14:14:04,468 - utils.handleIndex -[WARNING][handleIndex][compare_similar_with_std_and_comp] - 6003122017-12-31的政府补助基本情况没有被增加到对照库中
2018-05-27 14:14:04,468 - utils.handleIndex -[WARNING][handleIndex][check_index_integrity] - 6003122017-12-31索引不完整：      cellCategory                   cellText     id  pageNum
7137             t                     1、货币资金   7137      101
7167             t   2、以公允价值计量且其变动计入当期损益的金融资产   7167      101
7170             t                   3、衍生金融资产   7170      101
7172             t                     4、应收票据   7172      101
7221             t                     5、应收账款   7221      102
7455             t                     6、预付款项   7455      104
7522             t                     7、应收利息   7522      105
7541             t                     8、应收股利   7541      105
7549             t                    9、其他应收款   7549      105
7777             t                      10、存货   7777      108
7895             t                  11、持有待售资产   7895      108
7898             t             12、一年内到期的非流动资产   7898      108
7900             t                  13、其他流动资产   7900      109
7918             t                14、可供出售金融资产   7918      109
7932             t                 15、持有至到期投资   7932      109
7941             t                   16、长期应收款   7941      109
7951             t                  17、长期股权投资   7951      110
8020             t                  18、投资性房地产   8020      110
8025             t                    19、固定资产   8025      110
8198             t                    20、在建工程   8198      111
8274             t                    21、工程物资   8274      112
8277             t                  22、固定资产清理   8277      112
8294             t                 23、生产性生物资产   8294      112
8302             t                    24、油气资产   8302      112
8305             t                    25、无形资产   8305      112
8529             t                    26、开发支出   8529      114
8628             t                      27、商誉   8628      114
8661             t                  28、长期待摊费用   8661      114
8686             t         29、递延所得税资产/递延所得税负债   8686      115
8792             t                 30、其他非流动资产   8792      116
8809             t                    31、短期借款   8809      116
8849             t  32、以公允价值计量且其变动计入当期损益的金融负债   8849      116
8851             t                  33、衍生金融负债   8851      117
8854             t                    34、应付票据   8854      117
8871             t                    35、应付账款   8871      117
8926             t                    36、预收款项   8926      117
9020             t                  37、应付职工薪酬   9020      118
9140             t                    38、应交税费   9140      119
9181             t                    39、应付利息   9181      120
9201             t                    40、应付股利   9201      120
9204             t                   41、其他应付款   9204      120
9245             t                  42、持有待售负债   9245      120
9248             t             43、1年内到期的非流动负债   9248      120
9262             t                  44、其他流动负债   9262      121
9270             t                    45、长期借款   9270      121
9277             t                    46、应付债券   9277      121
9346             t                   47、长期应付款   9346      122
9350             t                48、长期应付职工薪酬   9350      122
9353             t                   49、专项应付款   9353      122
9356             t                    50、预计负债   9356      122
9359             t                    51、递延收益   9359      122
9410             t                 52、其他非流动负债   9410      122
9413             t                      53、股本   9413      122
9436             t                  54、其他权益工具   9436      123
9448             t                    55、资本公积   9448      123
9483             t                     56、库存股   9483      123
9487             t                  57、其他综合收益   9487      124
9536             t                    58、专项储备   9536      124
9539             t                    59、盈余公积   9539      124
9564             t                   60、未分配利润   9564      124
9607             t               61、营业收入和营业成本   9607      125
9633             t                   62、税金及附加   9633      125
9672             t                    63、销售费用   9672      125
9732             t                    64、管理费用   9732      126
9791             t                    65、财务费用   9791      126
9824             t                  66、资产减值损失   9824      127
9842             t                67、公允价值变动收益   9842      127
9845             t                    68、投资收益   9845      127
9860             t                   69、营业外收入   9860      127
9996             t                   70、营业外支出   9996      128
10034            t                   71、所得税费用  10034      128
10085            t                  72、其他综合收益  10085      129
10089            t                 73、现金流量表项目  10089      129
10186            t               74、现金流量表补充资料  10186      130
10314            t            75、所有者权益变动表项目注释  10314      132
10318            t          76、所有权或使用权受到限制的资产  10318      132
10340            t                 77、外币货币性项目  10340      132
10469            t                      78、套期  10469      133
10472            t                    79、政府补助  10472      133
10598            t                      80、其他  10598      134
10600            t                   1、资产处置收益  10600      134
10615            t                     2、其他收益  10615      134
2018-05-27 14:21:32,141 - utils.handleIndex -[WARNING][handleIndex][compare_similar_with_std_and_comp] - 3006232017-12-31的、其他没有被增加到标准库中
2018-05-27 14:21:32,141 - utils.handleIndex -[WARNING][handleIndex][compare_similar_with_std_and_comp] - 3006232017-12-31的、其他没有被增加到对照库中
2018-05-27 14:21:32,141 - utils.handleIndex -[WARNING][handleIndex][compare_similar_with_std_and_comp] - 3006232017-12-31的、预计负债没有被增加到标准库中
2018-05-27 14:21:32,141 - utils.handleIndex -[WARNING][handleIndex][compare_similar_with_std_and_comp] - 3006232017-12-31的、预计负债没有被增加到对照库中
2018-05-27 14:21:32,141 - utils.handleIndex -[WARNING][handleIndex][compare_similar_with_std_and_comp] - 3006232017-12-31的、无形资产没有被增加到标准库中
2018-05-27 14:21:32,141 - utils.handleIndex -[WARNING][handleIndex][compare_similar_with_std_and_comp] - 3006232017-12-31的、无形资产没有被增加到对照库中
2018-05-27 14:21:32,141 - utils.handleIndex -[WARNING][handleIndex][compare_similar_with_std_and_comp] - 3006232017-12-31的、租赁没有被增加到标准库中
2018-05-27 14:21:32,141 - utils.handleIndex -[WARNING][handleIndex][compare_similar_with_std_and_comp] - 3006232017-12-31的、租赁没有被增加到对照库中
2018-05-27 14:21:32,141 - utils.handleIndex -[WARNING][handleIndex][compare_similar_with_std_and_comp] - 3006232017-12-31的.00%50.00%没有被增加到标准库中
2018-05-27 14:21:32,141 - utils.handleIndex -[WARNING][handleIndex][compare_similar_with_std_and_comp] - 3006232017-12-31的.00%50.00%没有被增加到对照库中
2018-05-27 14:21:32,141 - utils.handleIndex -[WARNING][handleIndex][compare_similar_with_std_and_comp] - 3006232017-12-31的、职工薪酬没有被增加到标准库中
2018-05-27 14:21:32,157 - utils.handleIndex -[WARNING][handleIndex][compare_similar_with_std_and_comp] - 3006232017-12-31的、职工薪酬没有被增加到对照库中
2018-05-27 14:21:32,157 - utils.handleIndex -[WARNING][handleIndex][compare_similar_with_std_and_comp] - 3006232017-12-31的、在建工程没有被增加到标准库中
2018-05-27 14:21:32,157 - utils.handleIndex -[WARNING][handleIndex][compare_similar_with_std_and_comp] - 3006232017-12-31的、在建工程没有被增加到对照库中
2018-05-27 14:21:32,157 - utils.handleIndex -[WARNING][handleIndex][compare_similar_with_std_and_comp] - 3006232017-12-31的、股份支付没有被增加到标准库中
2018-05-27 14:21:32,157 - utils.handleIndex -[WARNING][handleIndex][compare_similar_with_std_and_comp] - 3006232017-12-31的、股份支付没有被增加到对照库中
2018-05-27 14:21:32,157 - utils.handleIndex -[WARNING][handleIndex][compare_similar_with_std_and_comp] - 3006232017-12-31的.00%100.00%没有被增加到标准库中
2018-05-27 14:21:32,157 - utils.handleIndex -[WARNING][handleIndex][compare_similar_with_std_and_comp] - 3006232017-12-31的.00%100.00%没有被增加到对照库中
2018-05-27 14:21:32,157 - utils.handleIndex -[WARNING][handleIndex][compare_similar_with_std_and_comp] - 3006232017-12-31的、固定资产没有被增加到标准库中
2018-05-27 14:21:32,157 - utils.handleIndex -[WARNING][handleIndex][compare_similar_with_std_and_comp] - 3006232017-12-31的、固定资产没有被增加到对照库中
2018-05-27 14:21:32,157 - utils.handleIndex -[WARNING][handleIndex][compare_similar_with_std_and_comp] - 3006232017-12-31的、存货没有被增加到标准库中
2018-05-27 14:21:32,157 - utils.handleIndex -[WARNING][handleIndex][compare_similar_with_std_and_comp] - 3006232017-12-31的、存货没有被增加到对照库中
2018-05-27 14:21:32,157 - utils.handleIndex -[WARNING][handleIndex][compare_similar_with_std_and_comp] - 3006232017-12-31的,292.51没有被增加到标准库中
2018-05-27 14:21:32,157 - utils.handleIndex -[WARNING][handleIndex][compare_similar_with_std_and_comp] - 3006232017-12-31的,292.51没有被增加到对照库中
2018-05-27 14:21:32,157 - utils.handleIndex -[WARNING][handleIndex][compare_similar_with_std_and_comp] - 3006232017-12-31的、政府补助没有被增加到标准库中
2018-05-27 14:21:32,157 - utils.handleIndex -[WARNING][handleIndex][compare_similar_with_std_and_comp] - 3006232017-12-31的、政府补助没有被增加到对照库中
2018-05-27 14:21:32,157 - utils.handleIndex -[WARNING][handleIndex][compare_similar_with_std_and_comp] - 3006232017-12-31的、生物资产没有被增加到标准库中
2018-05-27 14:21:32,157 - utils.handleIndex -[WARNING][handleIndex][compare_similar_with_std_and_comp] - 3006232017-12-31的、生物资产没有被增加到对照库中
2018-05-27 14:21:32,157 - utils.handleIndex -[WARNING][handleIndex][compare_similar_with_std_and_comp] - 3006232017-12-31的、油气资产没有被增加到标准库中
2018-05-27 14:21:32,157 - utils.handleIndex -[WARNING][handleIndex][compare_similar_with_std_and_comp] - 3006232017-12-31的、油气资产没有被增加到对照库中
2018-05-27 14:21:32,157 - utils.handleIndex -[WARNING][handleIndex][compare_similar_with_std_and_comp] - 3006232017-12-31的、借款费用没有被增加到标准库中
2018-05-27 14:21:32,157 - utils.handleIndex -[WARNING][handleIndex][compare_similar_with_std_and_comp] - 3006232017-12-31的、借款费用没有被增加到对照库中
2018-05-27 14:21:32,354 - utils.handleIndex -[WARNING][handleIndex][compare_similar_with_std_and_comp] - 3006232017-12-31的,225.12没有被增加到标准库中
2018-05-27 14:21:32,355 - utils.handleIndex -[WARNING][handleIndex][compare_similar_with_std_and_comp] - 3006232017-12-31的,225.12没有被增加到对照库中
2018-05-27 14:21:32,355 - utils.handleIndex -[WARNING][handleIndex][compare_similar_with_std_and_comp] - 3006232017-12-31的、营业周期没有被增加到标准库中
2018-05-27 14:21:32,355 - utils.handleIndex -[WARNING][handleIndex][compare_similar_with_std_and_comp] - 3006232017-12-31的、营业周期没有被增加到对照库中
2018-05-27 14:21:32,355 - utils.handleIndex -[WARNING][handleIndex][compare_similar_with_std_and_comp] - 3006232017-12-31的,180,404.07没有被增加到标准库中
2018-05-27 14:21:32,356 - utils.handleIndex -[WARNING][handleIndex][compare_similar_with_std_and_comp] - 3006232017-12-31的,180,404.07没有被增加到对照库中
2018-05-27 14:21:32,356 - utils.handleIndex -[WARNING][handleIndex][compare_similar_with_std_and_comp] - 3006232017-12-31的、金融工具没有被增加到标准库中
2018-05-27 14:21:32,356 - utils.handleIndex -[WARNING][handleIndex][compare_similar_with_std_and_comp] - 3006232017-12-31的、金融工具没有被增加到对照库中
2018-05-27 14:21:32,356 - utils.handleIndex -[WARNING][handleIndex][compare_similar_with_std_and_comp] - 3006232017-12-31的、应收款项没有被增加到标准库中
2018-05-27 14:21:32,357 - utils.handleIndex -[WARNING][handleIndex][compare_similar_with_std_and_comp] - 3006232017-12-31的、应收款项没有被增加到对照库中
2018-05-27 14:21:32,358 - utils.handleIndex -[WARNING][handleIndex][compare_similar_with_std_and_comp] - 3006232017-12-31的,067.39没有被增加到标准库中
2018-05-27 14:21:32,358 - utils.handleIndex -[WARNING][handleIndex][compare_similar_with_std_and_comp] - 3006232017-12-31的,067.39没有被增加到对照库中
2018-05-27 14:21:32,358 - utils.handleIndex -[WARNING][handleIndex][compare_similar_with_std_and_comp] - 3006232017-12-31的、会计期间没有被增加到标准库中
2018-05-27 14:21:32,359 - utils.handleIndex -[WARNING][handleIndex][compare_similar_with_std_and_comp] - 3006232017-12-31的、会计期间没有被增加到对照库中
2018-05-27 14:21:32,359 - utils.handleIndex -[WARNING][handleIndex][compare_similar_with_std_and_comp] - 3006232017-12-31的%没有被增加到标准库中
2018-05-27 14:21:32,359 - utils.handleIndex -[WARNING][handleIndex][compare_similar_with_std_and_comp] - 3006232017-12-31的%没有被增加到对照库中
2018-05-27 14:21:32,359 - utils.handleIndex -[WARNING][handleIndex][compare_similar_with_std_and_comp] - 3006232017-12-31的、收入没有被增加到标准库中
2018-05-27 14:21:32,359 - utils.handleIndex -[WARNING][handleIndex][compare_similar_with_std_and_comp] - 3006232017-12-31的、收入没有被增加到对照库中
2018-05-27 14:21:32,360 - utils.handleIndex -[WARNING][handleIndex][compare_similar_with_std_and_comp] - 3006232017-12-31的、记账本位币没有被增加到标准库中
2018-05-27 14:21:32,360 - utils.handleIndex -[WARNING][handleIndex][compare_similar_with_std_and_comp] - 3006232017-12-31的、记账本位币没有被增加到对照库中
2018-05-27 14:21:32,360 - utils.handleIndex -[WARNING][handleIndex][compare_similar_with_std_and_comp] - 3006232017-12-31的.00%10.00%没有被增加到标准库中
2018-05-27 14:21:32,360 - utils.handleIndex -[WARNING][handleIndex][compare_similar_with_std_and_comp] - 3006232017-12-31的.00%10.00%没有被增加到对照库中
2018-05-27 14:21:32,360 - utils.handleIndex -[WARNING][handleIndex][compare_similar_with_std_and_comp] - 3006232017-12-31的.00%30.00%没有被增加到标准库中
2018-05-27 14:21:32,360 - utils.handleIndex -[WARNING][handleIndex][compare_similar_with_std_and_comp] - 3006232017-12-31的.00%30.00%没有被增加到对照库中
2018-05-27 14:21:32,360 - utils.handleIndex -[WARNING][handleIndex][check_index_integrity] - 3006232017-12-31索引不完整：     cellCategory                   cellText    id  pageNum
7103            t              1、遵循企业会计准则的声明  7103      110
7118            t  5、同一控制下和非同一控制下企业合并的会计处理方法  7118      111
7159            t              6、合并财务报表的编制方法  7159      112
7200            t        7、合营安排分类及共同经营会计处理方法  7200      113
7202            t            8、现金及现金等价物的确定标准  7202      113
7205            t              9、外币业务和外币报表折算  7205      113
7400            t                          1  7400      117
7454            t                  13、持有待售资产  7454      118
7456            t                  14、长期股权投资  7456      118
7564            t                  15、投资性房地产  7564      121
7642            t                  22、长期资产减值  7642      123
7663            t                  23、长期待摊费用  7663      124
7744            t          27、优先股、永续债等其他金融工具  7744      126
7789            t         30、递延所得税资产/递延所得税负债  7789      127
7855            t          32、其他重要的会计政策和会计估计  7855      129
7903            t           33、重要会计政策和会计估计变更  7903      130
7938            t                          4  7938      130
7938            t                          4  7938      130
7938            t                          4  7938      130
7938            t                          4  7938      130
7938            t                          4  7938      130
2018-05-27 14:21:33,406 - utils.handleIndex -[WARNING][handleIndex][compare_similar_with_std_and_comp] - 3006232017-12-31的周转材料的摊销方法没有被增加到标准库中
2018-05-27 14:21:33,406 - utils.handleIndex -[WARNING][handleIndex][compare_similar_with_std_and_comp] - 3006232017-12-31的周转材料的摊销方法没有被增加到对照库中
2018-05-27 14:21:33,406 - utils.handleIndex -[WARNING][handleIndex][compare_similar_with_std_and_comp] - 3006232017-12-31的存货的分类没有被增加到标准库中
2018-05-27 14:21:33,406 - utils.handleIndex -[WARNING][handleIndex][compare_similar_with_std_and_comp] - 3006232017-12-31的存货的分类没有被增加到对照库中
2018-05-27 14:21:33,406 - utils.handleIndex -[WARNING][handleIndex][compare_similar_with_std_and_comp] - 3006232017-12-31的存货取得和发出的计价方法没有被增加到标准库中
2018-05-27 14:21:33,406 - utils.handleIndex -[WARNING][handleIndex][compare_similar_with_std_and_comp] - 3006232017-12-31的存货取得和发出的计价方法没有被增加到对照库中
2018-05-27 14:21:33,422 - utils.handleIndex -[WARNING][handleIndex][compare_similar_with_std_and_comp] - 3006232017-12-31的单项金额不重大但单独计提坏账准备的应收款项没有被增加到标准库中
2018-05-27 14:21:33,422 - utils.handleIndex -[WARNING][handleIndex][compare_similar_with_std_and_comp] - 3006232017-12-31的单项金额不重大但单独计提坏账准备的应收款项没有被增加到对照库中
2018-05-27 14:21:33,422 - utils.handleIndex -[WARNING][handleIndex][compare_similar_with_std_and_comp] - 3006232017-12-31的存货可变现净值的确认和跌价准备的计提方法没有被增加到标准库中
2018-05-27 14:21:33,422 - utils.handleIndex -[WARNING][handleIndex][compare_similar_with_std_and_comp] - 3006232017-12-31的存货可变现净值的确认和跌价准备的计提方法没有被增加到对照库中
2018-05-27 14:21:33,422 - utils.handleIndex -[WARNING][handleIndex][check_index_integrity] - 3006232017-12-31索引不完整：Empty DataFrame
Columns: [cellCategory, cellText, id, pageNum]
Index: []
2018-05-27 14:23:27,497 - utils.handleIndex -[WARNING][handleIndex][compare_similar_with_std_and_comp] - 6001292017-12-31的5没有被增加到标准库中
2018-05-27 14:23:27,497 - utils.handleIndex -[WARNING][handleIndex][compare_similar_with_std_and_comp] - 6001292017-12-31的5没有被增加到对照库中
2018-05-27 14:23:27,497 - utils.handleIndex -[WARNING][handleIndex][compare_similar_with_std_and_comp] - 6001292017-12-31的3没有被增加到标准库中
2018-05-27 14:23:27,497 - utils.handleIndex -[WARNING][handleIndex][compare_similar_with_std_and_comp] - 6001292017-12-31的3没有被增加到对照库中
2018-05-27 14:23:27,497 - utils.handleIndex -[WARNING][handleIndex][compare_similar_with_std_and_comp] - 6001292017-12-31的4没有被增加到标准库中
2018-05-27 14:23:27,497 - utils.handleIndex -[WARNING][handleIndex][compare_similar_with_std_and_comp] - 6001292017-12-31的4没有被增加到对照库中
2018-05-27 14:23:27,497 - utils.handleIndex -[WARNING][handleIndex][compare_similar_with_std_and_comp] - 6001292017-12-31的6没有被增加到标准库中
2018-05-27 14:23:27,513 - utils.handleIndex -[WARNING][handleIndex][compare_similar_with_std_and_comp] - 6001292017-12-31的6没有被增加到对照库中
2018-05-27 14:23:27,513 - utils.handleIndex -[WARNING][handleIndex][compare_similar_with_std_and_comp] - 6001292017-12-31的2没有被增加到标准库中
2018-05-27 14:23:27,513 - utils.handleIndex -[WARNING][handleIndex][compare_similar_with_std_and_comp] - 6001292017-12-31的2没有被增加到对照库中
2018-05-27 14:23:27,513 - utils.handleIndex -[WARNING][handleIndex][compare_similar_with_std_and_comp] - 6001292017-12-31的1没有被增加到标准库中
2018-05-27 14:23:27,513 - utils.handleIndex -[WARNING][handleIndex][compare_similar_with_std_and_comp] - 6001292017-12-31的1没有被增加到对照库中
2018-05-27 14:23:27,513 - utils.handleIndex -[WARNING][handleIndex][compare_similar_with_std_and_comp] - 6001292017-12-31的1没有被增加到标准库中
2018-05-27 14:23:27,513 - utils.handleIndex -[WARNING][handleIndex][compare_similar_with_std_and_comp] - 6001292017-12-31的1没有被增加到对照库中
2018-05-27 14:23:27,513 - utils.handleIndex -[WARNING][handleIndex][check_index_integrity] - 6001292017-12-31索引不完整：Empty DataFrame
Columns: [cellCategory, cellText, id, pageNum]
Index: []
2018-05-27 14:26:21,828 - utils.handleIndex -[WARNING][handleIndex][compare_similar_with_std_and_comp] - 6002492017-12-31的柳州两面针纸业有限公司是柳州两面针纸品有限公司下级子公司，柳州两面针没有被增加到标准库中
2018-05-27 14:26:21,828 - utils.handleIndex -[WARNING][handleIndex][compare_similar_with_std_and_comp] - 6002492017-12-31的柳州两面针纸业有限公司是柳州两面针纸品有限公司下级子公司，柳州两面针没有被增加到对照库中
2018-05-27 14:26:21,828 - utils.handleIndex -[WARNING][handleIndex][compare_similar_with_std_and_comp] - 6002492017-12-31的本公司直接持有安徽两面针·芳草日化有限公司70%的股权，通过控股子公司两面针（江苏）没有被增加到标准库中
2018-05-27 14:26:21,828 - utils.handleIndex -[WARNING][handleIndex][compare_similar_with_std_and_comp] - 6002492017-12-31的本公司直接持有安徽两面针·芳草日化有限公司70%的股权，通过控股子公司两面针（江苏）没有被增加到对照库中
2018-05-27 14:26:21,832 - utils.handleIndex -[WARNING][handleIndex][compare_similar_with_std_and_comp] - 6002492017-12-31的没有被增加到标准库中
2018-05-27 14:26:21,832 - utils.handleIndex -[WARNING][handleIndex][compare_similar_with_std_and_comp] - 6002492017-12-31的没有被增加到对照库中
2018-05-27 14:26:21,832 - utils.handleIndex -[WARNING][handleIndex][compare_similar_with_std_and_comp] - 6002492017-12-31的柳州两面针物业服务有限公司是柳州两面针房地产开发有限公司投资设立的全资子公司没有被增加到标准库中
2018-05-27 14:26:21,832 - utils.handleIndex -[WARNING][handleIndex][compare_similar_with_std_and_comp] - 6002492017-12-31的柳州两面针物业服务有限公司是柳州两面针房地产开发有限公司投资设立的全资子公司没有被增加到对照库中
2018-05-27 14:26:21,832 - utils.handleIndex -[WARNING][handleIndex][check_index_integrity] - 6002492017-12-31索引不完整：      cellCategory                            cellText     id  pageNum
12523            t                         (1).企业集团的构成  12523      172
12619            t                       (3).重要的非全资子公司  12619      174
12654            t                 (4).重要非全资子公司的主要财务信息  12654      174
12757            t         (5).使用企业集团资产和清偿企业集团债务的重大限制：  12757      175
12760            t  (6).向纳入合并财务报表范围的结构化主体提供的财务支持或其他支持：  12760      176
2018-05-27 14:27:16,904 - utils.handleIndex -[WARNING][handleIndex][compare_similar_with_std_and_comp] - 6004692017-12-31的1没有被增加到标准库中
2018-05-27 14:27:16,904 - utils.handleIndex -[WARNING][handleIndex][compare_similar_with_std_and_comp] - 6004692017-12-31的1没有被增加到对照库中
2018-05-27 14:27:16,904 - utils.handleIndex -[WARNING][handleIndex][compare_similar_with_std_and_comp] - 6004692017-12-31的1没有被增加到标准库中
2018-05-27 14:27:16,904 - utils.handleIndex -[WARNING][handleIndex][compare_similar_with_std_and_comp] - 6004692017-12-31的1没有被增加到对照库中
2018-05-27 14:27:16,904 - utils.handleIndex -[WARNING][handleIndex][compare_similar_with_std_and_comp] - 6004692017-12-31的1没有被增加到标准库中
2018-05-27 14:27:16,905 - utils.handleIndex -[WARNING][handleIndex][compare_similar_with_std_and_comp] - 6004692017-12-31的1没有被增加到对照库中
2018-05-27 14:27:16,905 - utils.handleIndex -[WARNING][handleIndex][compare_similar_with_std_and_comp] - 6004692017-12-31的1没有被增加到标准库中
2018-05-27 14:27:16,905 - utils.handleIndex -[WARNING][handleIndex][compare_similar_with_std_and_comp] - 6004692017-12-31的1没有被增加到对照库中
2018-05-27 14:27:16,907 - utils.handleIndex -[WARNING][handleIndex][check_index_integrity] - 6004692017-12-31索引不完整：Empty DataFrame
Columns: [cellCategory, cellText, id, pageNum]
Index: []
2018-05-27 14:29:01,973 - utils.handleIndex -[WARNING][handleIndex][compare_similar_with_std_and_comp] - 6009782017-12-31的二没有被增加到标准库中
2018-05-27 14:29:01,973 - utils.handleIndex -[WARNING][handleIndex][compare_similar_with_std_and_comp] - 6009782017-12-31的二没有被增加到对照库中
2018-05-27 14:29:01,973 - utils.handleIndex -[WARNING][handleIndex][compare_similar_with_std_and_comp] - 6009782017-12-31的四没有被增加到标准库中
2018-05-27 14:29:01,973 - utils.handleIndex -[WARNING][handleIndex][compare_similar_with_std_and_comp] - 6009782017-12-31的四没有被增加到对照库中
2018-05-27 14:29:01,973 - utils.handleIndex -[WARNING][handleIndex][check_index_integrity] - 6009782017-12-31索引不完整：Empty DataFrame
Columns: [cellCategory, cellText, id, pageNum]
Index: []
2018-05-27 14:29:23,323 - utils.handleIndex -[WARNING][handleIndex][check_index_integrity] - 6009782017-12-31索引不完整：Empty DataFrame
Columns: [cellCategory, cellText, id, pageNum]
Index: []
2018-05-27 14:30:36,054 - utils.handleIndex -[WARNING][handleIndex][check_index_integrity] - 6001612017-12-31索引不完整：Empty DataFrame
Columns: [cellCategory, cellText, id, pageNum]
Index: []
2018-05-27 14:33:57,650 - utils.handleIndex -[WARNING][handleIndex][compare_similar_with_std_and_comp] - 6004882017-12-31的完善技术创新体系，为快速发展增添动力没有被增加到标准库中
2018-05-27 14:33:57,650 - utils.handleIndex -[WARNING][handleIndex][compare_similar_with_std_and_comp] - 6004882017-12-31的完善技术创新体系，为快速发展增添动力没有被增加到对照库中
2018-05-27 14:33:57,650 - utils.handleIndex -[WARNING][handleIndex][compare_similar_with_std_and_comp] - 6004882017-12-31的充分利用行业内的优势资源，完善皮质激素、氨基酸原料和制剂的产业布局，使产业结没有被增加到标准库中
2018-05-27 14:33:57,650 - utils.handleIndex -[WARNING][handleIndex][compare_similar_with_std_and_comp] - 6004882017-12-31的充分利用行业内的优势资源，完善皮质激素、氨基酸原料和制剂的产业布局，使产业结没有被增加到对照库中
2018-05-27 14:33:57,650 - utils.handleIndex -[WARNING][handleIndex][check_index_integrity] - 6004882017-12-31索引不完整：     cellCategory                                    cellText    id  pageNum
680             t                                 一、经营情况讨论与分析   680       11
770             t                                二、报告期内主要经营情况   770       13
2193            t                          一、公司关于公司未来发展的讨论与分析  2193       30
2379            t  二、公司因不适用准则规定或国家秘密、商业秘密等特殊原因，未按准则披露的情况和原因说明  2379       33
2018-05-27 14:34:00,109 - utils.handleIndex -[WARNING][handleIndex][compare_similar_with_std_and_comp] - 6004882017-12-31的1没有被增加到标准库中
2018-05-27 14:34:00,109 - utils.handleIndex -[WARNING][handleIndex][compare_similar_with_std_and_comp] - 6004882017-12-31的1没有被增加到对照库中
2018-05-27 14:34:00,109 - utils.handleIndex -[WARNING][handleIndex][compare_similar_with_std_and_comp] - 6004882017-12-31的6没有被增加到标准库中
2018-05-27 14:34:00,125 - utils.handleIndex -[WARNING][handleIndex][compare_similar_with_std_and_comp] - 6004882017-12-31的6没有被增加到对照库中
2018-05-27 14:34:00,125 - utils.handleIndex -[WARNING][handleIndex][check_index_integrity] - 6004882017-12-31索引不完整：Empty DataFrame
Columns: [cellCategory, cellText, id, pageNum]
Index: []
2018-05-27 14:34:01,675 - utils.handleIndex -[WARNING][handleIndex][compare_similar_with_std_and_comp] - 6004882017-12-31的注重研发，科技创新，实现可持续发展没有被增加到标准库中
2018-05-27 14:34:01,675 - utils.handleIndex -[WARNING][handleIndex][compare_similar_with_std_and_comp] - 6004882017-12-31的注重研发，科技创新，实现可持续发展没有被增加到对照库中
2018-05-27 14:34:01,675 - utils.handleIndex -[WARNING][handleIndex][compare_similar_with_std_and_comp] - 6004882017-12-31的环保设施的建设和运行情况没有被增加到标准库中
2018-05-27 14:34:01,675 - utils.handleIndex -[WARNING][handleIndex][compare_similar_with_std_and_comp] - 6004882017-12-31的环保设施的建设和运行情况没有被增加到对照库中
2018-05-27 14:34:01,675 - utils.handleIndex -[WARNING][handleIndex][compare_similar_with_std_and_comp] - 6004882017-12-31的公司概况没有被增加到标准库中
2018-05-27 14:34:01,675 - utils.handleIndex -[WARNING][handleIndex][compare_similar_with_std_and_comp] - 6004882017-12-31的公司概况没有被增加到对照库中
2018-05-27 14:34:01,675 - utils.handleIndex -[WARNING][handleIndex][compare_similar_with_std_and_comp] - 6004882017-12-31的环境自行监测方案没有被增加到标准库中
2018-05-27 14:34:01,675 - utils.handleIndex -[WARNING][handleIndex][compare_similar_with_std_and_comp] - 6004882017-12-31的环境自行监测方案没有被增加到对照库中
2018-05-27 14:34:01,675 - utils.handleIndex -[WARNING][handleIndex][compare_similar_with_std_and_comp] - 6004882017-12-31的排污信息没有被增加到标准库中
2018-05-27 14:34:01,690 - utils.handleIndex -[WARNING][handleIndex][compare_similar_with_std_and_comp] - 6004882017-12-31的排污信息没有被增加到对照库中
2018-05-27 14:34:01,690 - utils.handleIndex -[WARNING][handleIndex][compare_similar_with_std_and_comp] - 6004882017-12-31的EHS方针与目标没有被增加到标准库中
2018-05-27 14:34:01,690 - utils.handleIndex -[WARNING][handleIndex][compare_similar_with_std_and_comp] - 6004882017-12-31的EHS方针与目标没有被增加到对照库中
2018-05-27 14:34:01,690 - utils.handleIndex -[WARNING][handleIndex][compare_similar_with_std_and_comp] - 6004882017-12-31的展望未来没有被增加到标准库中
2018-05-27 14:34:01,690 - utils.handleIndex -[WARNING][handleIndex][compare_similar_with_std_and_comp] - 6004882017-12-31的展望未来没有被增加到对照库中
2018-05-27 14:34:01,690 - utils.handleIndex -[WARNING][handleIndex][compare_similar_with_std_and_comp] - 6004882017-12-31的保证质量，改善服务，确保患者用药安全没有被增加到标准库中
2018-05-27 14:34:01,690 - utils.handleIndex -[WARNING][handleIndex][compare_similar_with_std_and_comp] - 6004882017-12-31的保证质量，改善服务，确保患者用药安全没有被增加到对照库中
2018-05-27 14:34:01,690 - utils.handleIndex -[WARNING][handleIndex][compare_similar_with_std_and_comp] - 6004882017-12-31的合作共赢，培养战略合作伙伴没有被增加到标准库中
2018-05-27 14:34:01,690 - utils.handleIndex -[WARNING][handleIndex][compare_similar_with_std_and_comp] - 6004882017-12-31的合作共赢，培养战略合作伙伴没有被增加到对照库中
2018-05-27 14:34:01,690 - utils.handleIndex -[WARNING][handleIndex][compare_similar_with_std_and_comp] - 6004882017-12-31的安全生产，注重环保，履行公司社会责任没有被增加到标准库中
2018-05-27 14:34:01,690 - utils.handleIndex -[WARNING][handleIndex][compare_similar_with_std_and_comp] - 6004882017-12-31的安全生产，注重环保，履行公司社会责任没有被增加到对照库中
2018-05-27 14:34:01,690 - utils.handleIndex -[WARNING][handleIndex][compare_similar_with_std_and_comp] - 6004882017-12-31的以人为本，民主管理，构建和谐天药没有被增加到标准库中
2018-05-27 14:34:01,690 - utils.handleIndex -[WARNING][handleIndex][compare_similar_with_std_and_comp] - 6004882017-12-31的以人为本，民主管理，构建和谐天药没有被增加到对照库中
2018-05-27 14:34:01,690 - utils.handleIndex -[WARNING][handleIndex][compare_similar_with_std_and_comp] - 6004882017-12-31的突发环境事件应急预案没有被增加到标准库中
2018-05-27 14:34:01,690 - utils.handleIndex -[WARNING][handleIndex][compare_similar_with_std_and_comp] - 6004882017-12-31的突发环境事件应急预案没有被增加到对照库中
2018-05-27 14:34:01,690 - utils.handleIndex -[WARNING][handleIndex][compare_similar_with_std_and_comp] - 6004882017-12-31的建设项目环境影响评价及其他环境保护行政许可情况没有被增加到标准库中
2018-05-27 14:34:01,690 - utils.handleIndex -[WARNING][handleIndex][compare_similar_with_std_and_comp] - 6004882017-12-31的建设项目环境影响评价及其他环境保护行政许可情况没有被增加到对照库中
2018-05-27 14:34:01,690 - utils.handleIndex -[WARNING][handleIndex][compare_similar_with_std_and_comp] - 6004882017-12-31的完善治理，规范运作，保护股东和债权人利益没有被增加到标准库中
2018-05-27 14:34:01,690 - utils.handleIndex -[WARNING][handleIndex][compare_similar_with_std_and_comp] - 6004882017-12-31的完善治理，规范运作，保护股东和债权人利益没有被增加到对照库中
2018-05-27 14:35:18,727 - utils.handleIndex -[WARNING][handleIndex][check_index_integrity] - 0007272017-12-31索引不完整：Empty DataFrame
Columns: [cellCategory, cellText, id, pageNum]
Index: []
2018-05-27 14:35:18,884 - utils.handleIndex -[WARNING][handleIndex][check_index_integrity] - 0007272017-12-31索引不完整：Empty DataFrame
Columns: [cellCategory, cellText, id, pageNum]
Index: []
2018-05-27 14:35:21,391 - utils.handleIndex -[WARNING][handleIndex][check_index_integrity] - 0007272017-12-31索引不完整：Empty DataFrame
Columns: [cellCategory, cellText, id, pageNum]
Index: []
2018-05-27 14:35:25,702 - utils.handleIndex -[WARNING][handleIndex][check_index_integrity] - 0007272017-12-31索引不完整：Empty DataFrame
Columns: [cellCategory, cellText, id, pageNum]
Index: []
2018-05-27 14:35:26,096 - utils.handleIndex -[WARNING][handleIndex][check_index_integrity] - 0007272017-12-31索引不完整：Empty DataFrame
Columns: [cellCategory, cellText, id, pageNum]
Index: []
2018-05-27 14:35:40,991 - utils.handleIndex -[WARNING][handleIndex][check_index_integrity] - 0007272017-12-31索引不完整：      cellCategory          cellText     id  pageNum
14819            t     1、当期非经常性损益明细表  14819      163
14852            t     2、净资产收益率及每股收益  14852      163
14866            t  1、境内外会计准则下会计数据差异  14866      163
2018-05-27 14:36:59,845 - utils.handleIndex -[WARNING][handleIndex][check_index_integrity] - 0021472017-12-31索引不完整：Empty DataFrame
Columns: [cellCategory, cellText, id, pageNum]
Index: []
2018-05-27 14:37:00,345 - utils.handleIndex -[WARNING][handleIndex][check_index_integrity] - 0021472017-12-31索引不完整：Empty DataFrame
Columns: [cellCategory, cellText, id, pageNum]
Index: []
2018-05-27 14:37:13,326 - utils.handleIndex -[WARNING][handleIndex][check_index_integrity] - 0021472017-12-31索引不完整：Empty DataFrame
Columns: [cellCategory, cellText, id, pageNum]
Index: []
2018-05-27 14:39:28,824 - utils.handleIndex -[WARNING][handleIndex][compare_similar_with_std_and_comp] - 3000632017-12-31的财务报表附注没有被增加到标准库中
2018-05-27 14:39:28,824 - utils.handleIndex -[WARNING][handleIndex][compare_similar_with_std_and_comp] - 3000632017-12-31的财务报表附注没有被增加到对照库中
2018-05-27 14:39:28,824 - utils.handleIndex -[WARNING][handleIndex][check_index_integrity] - 3000632017-12-31索引不完整：      cellCategory                  cellText     id  pageNum
5118             t                    一、审计报告   5118       78
5168             t                    二、财务报表   5168       79
7811             t                 一、公司的基本情况   7811      100
8046             t               二、财务报表的编制基础   8046      103
8050             t             三、重要会计政策、会计估计   8050      103
8817             t                      四、税项   8817      127
8890             t  五、会计政策、会计估计变更以及前期差错更正的说明   8890      129
8923             t              六、合并财务报表项目注释   8923      130
12757            t                  七、合并范围变动  12757      171
12765            t               八、在其他主体中的权益  12765      172
13165            t              九、与金融工具相关的风险  13165      174
13190            t               十、关联方关系及其交易  13190      175
13261            t                   十一、股份支付  13261      176
13263            t                十二、承诺及或有事项  13263      177
13282            t              十三、资产负债表日后事项  13282      177
13306            t                 十四、其他重要事项  13306      178
13506            t            十五、母公司财务报表项目注释  13506      180
14313            t                   十六、补充资料  14313      187
2018-05-27 14:39:34,398 - utils.handleIndex -[WARNING][handleIndex][compare_similar_with_std_and_comp] - 3000632017-12-31的财政将贴息资金拨付给贷款银行，由贷款银行以政策性优惠利率向本集团提供贷款的，本集团以实际收到的借款没有被增加到标准库中
2018-05-27 14:39:34,398 - utils.handleIndex -[WARNING][handleIndex][compare_similar_with_std_and_comp] - 3000632017-12-31的财政将贴息资金拨付给贷款银行，由贷款银行以政策性优惠利率向本集团提供贷款的，本集团以实际收到的借款没有被增加到对照库中
2018-05-27 14:39:34,398 - utils.handleIndex -[WARNING][handleIndex][compare_similar_with_std_and_comp] - 3000632017-12-31的与收益相关的政府补助，用于补偿以后期间的相关费用或损失的，确认为递延收益，在确认相关费用的期间，计没有被增加到标准库中
2018-05-27 14:39:34,398 - utils.handleIndex -[WARNING][handleIndex][compare_similar_with_std_and_comp] - 3000632017-12-31的与收益相关的政府补助，用于补偿以后期间的相关费用或损失的，确认为递延收益，在确认相关费用的期间，计没有被增加到对照库中
2018-05-27 14:39:34,398 - utils.handleIndex -[WARNING][handleIndex][compare_similar_with_std_and_comp] - 3000632017-12-31的与收益相关的政府补助，用于补偿以后期间的相关费用或损失的，确认为递延收益，在确认相关费用的期间，冲没有被增加到标准库中
2018-05-27 14:39:34,398 - utils.handleIndex -[WARNING][handleIndex][compare_similar_with_std_and_comp] - 3000632017-12-31的与收益相关的政府补助，用于补偿以后期间的相关费用或损失的，确认为递延收益，在确认相关费用的期间，冲没有被增加到对照库中
2018-05-27 14:39:34,414 - utils.handleIndex -[WARNING][handleIndex][check_index_integrity] - 3000632017-12-31索引不完整：Empty DataFrame
Columns: [cellCategory, cellText, id, pageNum]
Index: []
2018-05-27 14:40:13,157 - utils.handleIndex -[WARNING][handleIndex][check_index_integrity] - 3001152017-12-31索引不完整：Empty DataFrame
Columns: [cellCategory, cellText, id, pageNum]
Index: []
2018-05-27 14:40:13,320 - utils.handleIndex -[WARNING][handleIndex][check_index_integrity] - 3001152017-12-31索引不完整：Empty DataFrame
Columns: [cellCategory, cellText, id, pageNum]
Index: []
2018-05-27 14:40:14,643 - utils.handleIndex -[WARNING][handleIndex][check_index_integrity] - 3001152017-12-31索引不完整：Empty DataFrame
Columns: [cellCategory, cellText, id, pageNum]
Index: []
2018-05-27 14:40:24,296 - utils.handleIndex -[WARNING][handleIndex][check_index_integrity] - 3001152017-12-31索引不完整：Empty DataFrame
Columns: [cellCategory, cellText, id, pageNum]
Index: []
2018-05-28 18:10:45,462 - report_data_extract.models.eleventh -[ERROR][eleventh][check_logic] - 股票代码300440,报表期间2017-12-31,报表类型A,营业总成本金额为:502930288.13,营业成本明细相加合计为512726776.15
2018-05-28 18:10:45,484 - report_data_extract.models.eleventh -[ERROR][eleventh][check_logic] - 股票代码300440,报表期间2017-12-31,报表类型A,营业总成本金额为:497368316.03,营业成本明细相加合计为509246146.73
2018-05-28 18:10:45,484 - report_data_extract.models.eleventh -[ERROR][eleventh][check_logic] - 股票代码300440,报表期间2017-12-31,报表类型A,营业利润金额为:136434006.00,计算营业利润为136494395.62
2018-05-28 18:10:45,666 - report_data_extract.models.eleventh -[ERROR][eleventh][check_logic] - 股票代码300440,报表期间2017-12-31,报表类型B,营业利润金额为:115439102.37,计算营业利润为105570846.63
2018-05-28 18:10:45,826 - report_data_extract.models.eleventh -[ERROR][eleventh][check_logic] - 股票代码300440,报表期间2017-12-31,报表类型B,营业利润金额为:119379475.17,计算营业利润为107536866.85
2018-05-28 18:17:22,327 - report_data_extract.models.eleventh -[ERROR][eleventh][check_logic] - 股票代码300440,报表期间2017-12-31,报表类型A,营业总成本金额为:502930288.13,营业成本明细相加合计为512726776.15
2018-05-28 18:17:22,339 - report_data_extract.models.eleventh -[ERROR][eleventh][check_logic] - 股票代码300440,报表期间2017-12-31,报表类型A,营业总成本金额为:497368316.03,营业成本明细相加合计为509246146.73
2018-05-28 18:17:22,339 - report_data_extract.models.eleventh -[ERROR][eleventh][check_logic] - 股票代码300440,报表期间2017-12-31,报表类型A,营业利润金额为:136434006.00,计算营业利润为136494395.62
2018-05-28 18:17:22,466 - report_data_extract.models.eleventh -[ERROR][eleventh][check_logic] - 股票代码300440,报表期间2017-12-31,报表类型B,营业利润金额为:115439102.37,计算营业利润为105570846.63
2018-05-28 18:17:22,497 - report_data_extract.models.eleventh -[ERROR][eleventh][check_logic] - 股票代码300440,报表期间2017-12-31,报表类型B,营业利润金额为:119379475.17,计算营业利润为107536866.85
2018-05-28 18:18:50,413 - report_data_extract.models.eleventh -[ERROR][eleventh][check_logic] - 股票代码300440,报表期间2017-12-31,报表类型A,营业总成本金额为:502930288.13,营业成本明细相加合计为512726776.15
2018-05-28 18:18:50,427 - report_data_extract.models.eleventh -[ERROR][eleventh][check_logic] - 股票代码300440,报表期间2017-12-31,报表类型A,营业总成本金额为:497368316.03,营业成本明细相加合计为509246146.73
2018-05-28 18:18:50,428 - report_data_extract.models.eleventh -[ERROR][eleventh][check_logic] - 股票代码300440,报表期间2017-12-31,报表类型A,营业利润金额为:136434006.00,计算营业利润为136494395.62
2018-05-28 18:18:50,609 - report_data_extract.models.eleventh -[ERROR][eleventh][check_logic] - 股票代码300440,报表期间2017-12-31,报表类型B,营业利润金额为:115439102.37,计算营业利润为105570846.63
2018-05-28 18:18:50,733 - report_data_extract.models.eleventh -[ERROR][eleventh][check_logic] - 股票代码300440,报表期间2017-12-31,报表类型B,营业利润金额为:119379475.17,计算营业利润为107536866.85
2018-05-28 18:20:28,482 - report_data_extract.models.eleventh -[ERROR][eleventh][check_logic] - 股票代码300440,报表期间2017-12-31,报表类型A,营业总成本金额为:502930288.13,营业成本明细相加合计为512726776.15
2018-05-28 18:20:28,495 - report_data_extract.models.eleventh -[ERROR][eleventh][check_logic] - 股票代码300440,报表期间2017-12-31,报表类型A,营业总成本金额为:497368316.03,营业成本明细相加合计为509246146.73
2018-05-28 18:20:28,495 - report_data_extract.models.eleventh -[ERROR][eleventh][check_logic] - 股票代码300440,报表期间2017-12-31,报表类型A,营业利润金额为:136434006.00,计算营业利润为136494395.62
2018-05-28 18:20:28,629 - report_data_extract.models.eleventh -[ERROR][eleventh][check_logic] - 股票代码300440,报表期间2017-12-31,报表类型B,营业利润金额为:115439102.37,计算营业利润为105570846.63
2018-05-28 18:20:28,656 - report_data_extract.models.eleventh -[ERROR][eleventh][check_logic] - 股票代码300440,报表期间2017-12-31,报表类型B,营业利润金额为:119379475.17,计算营业利润为107536866.85
2018-05-28 18:22:34,498 - report_data_extract.models.eleventh -[ERROR][eleventh][check_logic] - 股票代码300440,报表期间2017-12-31,报表类型A,营业总成本金额为:502930288.13,营业成本明细相加合计为512726776.15
2018-05-28 18:22:34,510 - report_data_extract.models.eleventh -[ERROR][eleventh][check_logic] - 股票代码300440,报表期间2017-12-31,报表类型A,营业总成本金额为:497368316.03,营业成本明细相加合计为509246146.73
2018-05-28 18:22:34,510 - report_data_extract.models.eleventh -[ERROR][eleventh][check_logic] - 股票代码300440,报表期间2017-12-31,报表类型A,营业利润金额为:136434006.00,计算营业利润为136494395.62
2018-05-28 18:22:34,685 - report_data_extract.models.eleventh -[ERROR][eleventh][check_logic] - 股票代码300440,报表期间2017-12-31,报表类型B,营业利润金额为:115439102.37,计算营业利润为105570846.63
2018-05-28 18:22:34,714 - report_data_extract.models.eleventh -[ERROR][eleventh][check_logic] - 股票代码300440,报表期间2017-12-31,报表类型B,营业利润金额为:119379475.17,计算营业利润为107536866.85
2018-05-28 18:54:04,991 - report_data_extract.models.eleventh -[ERROR][eleventh][check_logic] - 股票代码300440,报表期间2017-12-31,报表类型A,营业总成本金额为:502930288.13,营业成本明细相加合计为512726776.15
2018-05-28 18:54:05,027 - report_data_extract.models.eleventh -[ERROR][eleventh][check_logic] - 股票代码300440,报表期间2017-12-31,报表类型A,营业总成本金额为:497368316.03,营业成本明细相加合计为509246146.73
2018-05-28 18:54:05,031 - report_data_extract.models.eleventh -[ERROR][eleventh][check_logic] - 股票代码300440,报表期间2017-12-31,报表类型A,营业利润金额为:136434006.00,计算营业利润为136494395.62
2018-05-28 18:54:05,349 - report_data_extract.models.eleventh -[ERROR][eleventh][check_logic] - 股票代码300440,报表期间2017-12-31,报表类型B,营业利润金额为:115439102.37,计算营业利润为105570846.63
2018-05-28 18:54:05,422 - report_data_extract.models.eleventh -[ERROR][eleventh][check_logic] - 股票代码300440,报表期间2017-12-31,报表类型B,营业利润金额为:119379475.17,计算营业利润为107536866.85
2018-05-28 19:27:23,395 - report_data_extract.models.eleventh -[ERROR][eleventh][check_logic] - 股票代码300440,报表期间2017-12-31,报表类型A,营业总成本金额为:502930288.13,营业成本明细相加合计为512726776.15
2018-05-28 19:27:23,409 - report_data_extract.models.eleventh -[ERROR][eleventh][check_logic] - 股票代码300440,报表期间2017-12-31,报表类型A,营业总成本金额为:497368316.03,营业成本明细相加合计为509246146.73
2018-05-28 19:27:23,409 - report_data_extract.models.eleventh -[ERROR][eleventh][check_logic] - 股票代码300440,报表期间2017-12-31,报表类型A,营业利润金额为:136434006.00,计算营业利润为136494395.62
2018-05-28 19:27:23,545 - report_data_extract.models.eleventh -[ERROR][eleventh][check_logic] - 股票代码300440,报表期间2017-12-31,报表类型B,营业利润金额为:115439102.37,计算营业利润为105570846.63
2018-05-28 19:27:23,558 - report_data_extract.models.eleventh -[ERROR][eleventh][check_logic] - 股票代码300440,报表期间2017-12-31,报表类型B,营业利润金额为:119379475.17,计算营业利润为107536866.85
2018-05-28 21:46:44,296 - report_data_extract.models.eleventh -[ERROR][eleventh][check_logic] - 股票代码300440,报表期间2017-12-31,报表类型A,营业总成本金额为:502930288.13,营业成本明细相加合计为512726776.15
2018-05-28 21:46:44,310 - report_data_extract.models.eleventh -[ERROR][eleventh][check_logic] - 股票代码300440,报表期间2017-12-31,报表类型A,营业总成本金额为:497368316.03,营业成本明细相加合计为509246146.73
2018-05-28 21:46:44,310 - report_data_extract.models.eleventh -[ERROR][eleventh][check_logic] - 股票代码300440,报表期间2017-12-31,报表类型A,营业利润金额为:136434006.00,计算营业利润为136494395.62
2018-05-28 21:46:44,454 - report_data_extract.models.eleventh -[ERROR][eleventh][check_logic] - 股票代码300440,报表期间2017-12-31,报表类型B,营业利润金额为:115439102.37,计算营业利润为105570846.63
2018-05-28 21:46:44,466 - report_data_extract.models.eleventh -[ERROR][eleventh][check_logic] - 股票代码300440,报表期间2017-12-31,报表类型B,营业利润金额为:119379475.17,计算营业利润为107536866.85
2018-05-28 21:48:02,610 - report_data_extract.models.eleventh -[ERROR][eleventh][check_logic] - 股票代码300440,报表期间2017-12-31,报表类型A,营业总成本金额为:502930288.13,营业成本明细相加合计为512726776.15
2018-05-28 21:48:02,626 - report_data_extract.models.eleventh -[ERROR][eleventh][check_logic] - 股票代码300440,报表期间2017-12-31,报表类型A,营业总成本金额为:497368316.03,营业成本明细相加合计为509246146.73
2018-05-28 21:48:02,626 - report_data_extract.models.eleventh -[ERROR][eleventh][check_logic] - 股票代码300440,报表期间2017-12-31,报表类型A,营业利润金额为:136434006.00,计算营业利润为136494395.62
2018-05-28 21:48:02,761 - report_data_extract.models.eleventh -[ERROR][eleventh][check_logic] - 股票代码300440,报表期间2017-12-31,报表类型B,营业利润金额为:115439102.37,计算营业利润为105570846.63
2018-05-28 21:48:02,772 - report_data_extract.models.eleventh -[ERROR][eleventh][check_logic] - 股票代码300440,报表期间2017-12-31,报表类型B,营业利润金额为:119379475.17,计算营业利润为107536866.85
2018-05-28 22:11:37,912 - report_data_extract.models.eleventh -[ERROR][eleventh][check_logic] - 股票代码300440,报表期间2017-12-31,报表类型A,营业总成本金额为:502930288.13,营业成本明细相加合计为512726776.15
2018-05-28 22:11:37,925 - report_data_extract.models.eleventh -[ERROR][eleventh][check_logic] - 股票代码300440,报表期间2017-12-31,报表类型A,营业总成本金额为:497368316.03,营业成本明细相加合计为509246146.73
2018-05-28 22:11:37,926 - report_data_extract.models.eleventh -[ERROR][eleventh][check_logic] - 股票代码300440,报表期间2017-12-31,报表类型A,营业利润金额为:136434006.00,计算营业利润为136494395.62
2018-05-28 22:11:38,062 - report_data_extract.models.eleventh -[ERROR][eleventh][check_logic] - 股票代码300440,报表期间2017-12-31,报表类型B,营业利润金额为:115439102.37,计算营业利润为105570846.63
2018-05-28 22:11:38,074 - report_data_extract.models.eleventh -[ERROR][eleventh][check_logic] - 股票代码300440,报表期间2017-12-31,报表类型B,营业利润金额为:119379475.17,计算营业利润为107536866.85
